{"C:\\Users\\S. Abisekalathan\\vehiclemanagementfrontend\\src\\components\\VehicleList.js": {"path":"C:\\Users\\S. Abisekalathan\\vehiclemanagementfrontend\\src\\components\\VehicleList.js","statementMap":{"0":{"start":{"line":7,"column":35},"end":{"line":18,"column":3}},"1":{"start":{"line":8,"column":21},"end":{"line":8,"column":64}},"2":{"start":{"line":10,"column":4},"end":{"line":10,"column":26}},"3":{"start":{"line":10,"column":19},"end":{"line":10,"column":26}},"4":{"start":{"line":12,"column":4},"end":{"line":15,"column":5}},"5":{"start":{"line":13,"column":6},"end":{"line":13,"column":35}},"6":{"start":{"line":14,"column":6},"end":{"line":14,"column":13}},"7":{"start":{"line":17,"column":4},"end":{"line":17,"column":17}},"8":{"start":{"line":20,"column":2},"end":{"line":27,"column":3}},"9":{"start":{"line":21,"column":4},"end":{"line":26,"column":6}},"10":{"start":{"line":29,"column":2},"end":{"line":84,"column":4}},"11":{"start":{"line":41,"column":12},"end":{"line":79,"column":18}},"12":{"start":{"line":62,"column":33},"end":{"line":62,"column":48}},"13":{"start":{"line":70,"column":33},"end":{"line":70,"column":69}}},"fnMap":{"0":{"name":"VehicleList","decl":{"start":{"line":4,"column":9},"end":{"line":4,"column":20}},"loc":{"start":{"line":4,"column":62},"end":{"line":85,"column":1}},"line":4},"1":{"name":"(anonymous_1)","decl":{"start":{"line":7,"column":35},"end":{"line":7,"column":36}},"loc":{"start":{"line":7,"column":43},"end":{"line":18,"column":3}},"line":7},"2":{"name":"(anonymous_2)","decl":{"start":{"line":40,"column":24},"end":{"line":40,"column":25}},"loc":{"start":{"line":41,"column":12},"end":{"line":79,"column":18}},"line":41},"3":{"name":"(anonymous_3)","decl":{"start":{"line":62,"column":27},"end":{"line":62,"column":28}},"loc":{"start":{"line":62,"column":33},"end":{"line":62,"column":48}},"line":62},"4":{"name":"(anonymous_4)","decl":{"start":{"line":70,"column":27},"end":{"line":70,"column":28}},"loc":{"start":{"line":70,"column":33},"end":{"line":70,"column":69}},"line":70}},"branchMap":{"0":{"loc":{"start":{"line":10,"column":4},"end":{"line":10,"column":26}},"type":"if","locations":[{"start":{"line":10,"column":4},"end":{"line":10,"column":26}},{"start":{},"end":{}}],"line":10},"1":{"loc":{"start":{"line":12,"column":4},"end":{"line":15,"column":5}},"type":"if","locations":[{"start":{"line":12,"column":4},"end":{"line":15,"column":5}},{"start":{},"end":{}}],"line":12},"2":{"loc":{"start":{"line":20,"column":2},"end":{"line":27,"column":3}},"type":"if","locations":[{"start":{"line":20,"column":2},"end":{"line":27,"column":3}},{"start":{},"end":{}}],"line":20},"3":{"loc":{"start":{"line":33,"column":7},"end":{"line":82,"column":7}},"type":"cond-expr","locations":[{"start":{"line":34,"column":8},"end":{"line":37,"column":14}},{"start":{"line":39,"column":8},"end":{"line":81,"column":14}}],"line":33}},"s":{"0":6,"1":2,"2":2,"3":0,"4":2,"5":1,"6":1,"7":1,"8":6,"9":1,"10":5,"11":4,"12":0,"13":2},"f":{"0":6,"1":2,"2":4,"3":0,"4":2},"b":{"0":[0,2],"1":[1,1],"2":[1,5],"3":[1,4]},"_coverageSchema":"1a1c01bbd47fc00a2c39e90264f33305004495a9","hash":"c9c08347439d115d1e8d1594dec0ba4738950a2d"}
}
