{"C:\\Users\\S. Abisekalathan\\vehiclemanagementfrontend\\src\\App.js": {"path":"C:\\Users\\S. Abisekalathan\\vehiclemanagementfrontend\\src\\App.js","statementMap":{"0":{"start":{"line":8,"column":34},"end":{"line":8,"column":46}},"1":{"start":{"line":9,"column":46},"end":{"line":9,"column":60}},"2":{"start":{"line":10,"column":32},"end":{"line":10,"column":47}},"3":{"start":{"line":11,"column":28},"end":{"line":11,"column":40}},"4":{"start":{"line":13,"column":2},"end":{"line":15,"column":9}},"5":{"start":{"line":14,"column":4},"end":{"line":14,"column":19}},"6":{"start":{"line":17,"column":23},"end":{"line":29,"column":3}},"7":{"start":{"line":18,"column":4},"end":{"line":18,"column":21}},"8":{"start":{"line":19,"column":4},"end":{"line":19,"column":17}},"9":{"start":{"line":20,"column":4},"end":{"line":28,"column":5}},"10":{"start":{"line":21,"column":19},"end":{"line":21,"column":56}},"11":{"start":{"line":22,"column":6},"end":{"line":22,"column":24}},"12":{"start":{"line":24,"column":6},"end":{"line":24,"column":77}},"13":{"start":{"line":25,"column":6},"end":{"line":25,"column":52}},"14":{"start":{"line":27,"column":6},"end":{"line":27,"column":24}},"15":{"start":{"line":31,"column":30},"end":{"line":43,"column":3}},"16":{"start":{"line":32,"column":4},"end":{"line":32,"column":17}},"17":{"start":{"line":33,"column":4},"end":{"line":42,"column":5}},"18":{"start":{"line":34,"column":6},"end":{"line":34,"column":54}},"19":{"start":{"line":35,"column":6},"end":{"line":35,"column":27}},"20":{"start":{"line":36,"column":6},"end":{"line":36,"column":18}},"21":{"start":{"line":38,"column":23},"end":{"line":38,"column":71}},"22":{"start":{"line":39,"column":6},"end":{"line":39,"column":25}},"23":{"start":{"line":40,"column":6},"end":{"line":40,"column":52}},"24":{"start":{"line":41,"column":6},"end":{"line":41,"column":19}},"25":{"start":{"line":45,"column":30},"end":{"line":57,"column":3}},"26":{"start":{"line":46,"column":4},"end":{"line":46,"column":17}},"27":{"start":{"line":47,"column":4},"end":{"line":56,"column":5}},"28":{"start":{"line":48,"column":6},"end":{"line":48,"column":55}},"29":{"start":{"line":49,"column":6},"end":{"line":49,"column":27}},"30":{"start":{"line":50,"column":6},"end":{"line":50,"column":30}},"31":{"start":{"line":51,"column":6},"end":{"line":51,"column":18}},"32":{"start":{"line":53,"column":6},"end":{"line":53,"column":43}},"33":{"start":{"line":54,"column":6},"end":{"line":54,"column":52}},"34":{"start":{"line":55,"column":6},"end":{"line":55,"column":19}},"35":{"start":{"line":59,"column":30},"end":{"line":70,"column":3}},"36":{"start":{"line":60,"column":4},"end":{"line":69,"column":5}},"37":{"start":{"line":61,"column":6},"end":{"line":61,"column":19}},"38":{"start":{"line":62,"column":6},"end":{"line":68,"column":7}},"39":{"start":{"line":63,"column":8},"end":{"line":63,"column":47}},"40":{"start":{"line":64,"column":8},"end":{"line":64,"column":29}},"41":{"start":{"line":66,"column":8},"end":{"line":66,"column":45}},"42":{"start":{"line":67,"column":8},"end":{"line":67,"column":54}},"43":{"start":{"line":72,"column":21},"end":{"line":74,"column":3}},"44":{"start":{"line":73,"column":4},"end":{"line":73,"column":31}},"45":{"start":{"line":76,"column":27},"end":{"line":78,"column":3}},"46":{"start":{"line":77,"column":4},"end":{"line":77,"column":28}},"47":{"start":{"line":80,"column":2},"end":{"line":109,"column":4}}},"fnMap":{"0":{"name":"App","decl":{"start":{"line":7,"column":9},"end":{"line":7,"column":12}},"loc":{"start":{"line":7,"column":15},"end":{"line":110,"column":1}},"line":7},"1":{"name":"(anonymous_1)","decl":{"start":{"line":13,"column":12},"end":{"line":13,"column":13}},"loc":{"start":{"line":13,"column":18},"end":{"line":15,"column":3}},"line":13},"2":{"name":"(anonymous_2)","decl":{"start":{"line":17,"column":23},"end":{"line":17,"column":24}},"loc":{"start":{"line":17,"column":35},"end":{"line":29,"column":3}},"line":17},"3":{"name":"(anonymous_3)","decl":{"start":{"line":31,"column":30},"end":{"line":31,"column":31}},"loc":{"start":{"line":31,"column":53},"end":{"line":43,"column":3}},"line":31},"4":{"name":"(anonymous_4)","decl":{"start":{"line":45,"column":30},"end":{"line":45,"column":31}},"loc":{"start":{"line":45,"column":50},"end":{"line":57,"column":3}},"line":45},"5":{"name":"(anonymous_5)","decl":{"start":{"line":59,"column":30},"end":{"line":59,"column":31}},"loc":{"start":{"line":59,"column":44},"end":{"line":70,"column":3}},"line":59},"6":{"name":"(anonymous_6)","decl":{"start":{"line":72,"column":21},"end":{"line":72,"column":22}},"loc":{"start":{"line":72,"column":34},"end":{"line":74,"column":3}},"line":72},"7":{"name":"(anonymous_7)","decl":{"start":{"line":76,"column":27},"end":{"line":76,"column":28}},"loc":{"start":{"line":76,"column":33},"end":{"line":78,"column":3}},"line":76}},"branchMap":{"0":{"loc":{"start":{"line":38,"column":23},"end":{"line":38,"column":71}},"type":"binary-expr","locations":[{"start":{"line":38,"column":23},"end":{"line":38,"column":41}},{"start":{"line":38,"column":45},"end":{"line":38,"column":71}}],"line":38},"1":{"loc":{"start":{"line":60,"column":4},"end":{"line":69,"column":5}},"type":"if","locations":[{"start":{"line":60,"column":4},"end":{"line":69,"column":5}},{"start":{},"end":{}}],"line":60},"2":{"loc":{"start":{"line":87,"column":7},"end":{"line":91,"column":7}},"type":"binary-expr","locations":[{"start":{"line":87,"column":7},"end":{"line":87,"column":12}},{"start":{"line":88,"column":8},"end":{"line":90,"column":14}}],"line":87}},"s":{"0":0,"1":0,"2":0,"3":0,"4":0,"5":0,"6":0,"7":0,"8":0,"9":0,"10":0,"11":0,"12":0,"13":0,"14":0,"15":0,"16":0,"17":0,"18":0,"19":0,"20":0,"21":0,"22":0,"23":0,"24":0,"25":0,"26":0,"27":0,"28":0,"29":0,"30":0,"31":0,"32":0,"33":0,"34":0,"35":0,"36":0,"37":0,"38":0,"39":0,"40":0,"41":0,"42":0,"43":0,"44":0,"45":0,"46":0,"47":0},"f":{"0":0,"1":0,"2":0,"3":0,"4":0,"5":0,"6":0,"7":0},"b":{"0":[0,0],"1":[0,0],"2":[0,0]}}
,"C:\\Users\\S. Abisekalathan\\vehiclemanagementfrontend\\src\\index.js": {"path":"C:\\Users\\S. Abisekalathan\\vehiclemanagementfrontend\\src\\index.js","statementMap":{"0":{"start":{"line":6,"column":13},"end":{"line":6,"column":65}},"1":{"start":{"line":7,"column":0},"end":{"line":11,"column":2}}},"fnMap":{},"branchMap":{},"s":{"0":0,"1":0},"f":{},"b":{}}
,"C:\\Users\\S. Abisekalathan\\vehiclemanagementfrontend\\src\\components\\VehicleForm.js": {"path":"C:\\Users\\S. Abisekalathan\\vehiclemanagementfrontend\\src\\components\\VehicleForm.js","statementMap":{"0":{"start":{"line":5,"column":34},"end":{"line":9,"column":4}},"1":{"start":{"line":11,"column":2},"end":{"line":19,"column":23}},"2":{"start":{"line":12,"column":4},"end":{"line":18,"column":5}},"3":{"start":{"line":13,"column":6},"end":{"line":17,"column":9}},"4":{"start":{"line":21,"column":23},"end":{"line":27,"column":3}},"5":{"start":{"line":22,"column":28},"end":{"line":22,"column":36}},"6":{"start":{"line":23,"column":4},"end":{"line":26,"column":8}},"7":{"start":{"line":23,"column":25},"end":{"line":26,"column":5}},"8":{"start":{"line":29,"column":23},"end":{"line":43,"column":3}},"9":{"start":{"line":30,"column":4},"end":{"line":30,"column":23}},"10":{"start":{"line":32,"column":4},"end":{"line":42,"column":5}},"11":{"start":{"line":33,"column":22},"end":{"line":33,"column":70}},"12":{"start":{"line":34,"column":6},"end":{"line":36,"column":7}},"13":{"start":{"line":35,"column":8},"end":{"line":35,"column":20}},"14":{"start":{"line":38,"column":22},"end":{"line":38,"column":46}},"15":{"start":{"line":39,"column":6},"end":{"line":41,"column":7}},"16":{"start":{"line":40,"column":8},"end":{"line":40,"column":20}},"17":{"start":{"line":45,"column":20},"end":{"line":51,"column":3}},"18":{"start":{"line":46,"column":4},"end":{"line":50,"column":7}},"19":{"start":{"line":53,"column":23},"end":{"line":56,"column":3}},"20":{"start":{"line":54,"column":4},"end":{"line":54,"column":16}},"21":{"start":{"line":55,"column":4},"end":{"line":55,"column":19}},"22":{"start":{"line":58,"column":2},"end":{"line":136,"column":4}}},"fnMap":{"0":{"name":"VehicleForm","decl":{"start":{"line":4,"column":9},"end":{"line":4,"column":20}},"loc":{"start":{"line":4,"column":75},"end":{"line":137,"column":1}},"line":4},"1":{"name":"(anonymous_1)","decl":{"start":{"line":11,"column":12},"end":{"line":11,"column":13}},"loc":{"start":{"line":11,"column":18},"end":{"line":19,"column":3}},"line":11},"2":{"name":"(anonymous_2)","decl":{"start":{"line":21,"column":23},"end":{"line":21,"column":24}},"loc":{"start":{"line":21,"column":30},"end":{"line":27,"column":3}},"line":21},"3":{"name":"(anonymous_3)","decl":{"start":{"line":23,"column":16},"end":{"line":23,"column":17}},"loc":{"start":{"line":23,"column":25},"end":{"line":26,"column":5}},"line":23},"4":{"name":"(anonymous_4)","decl":{"start":{"line":29,"column":23},"end":{"line":29,"column":24}},"loc":{"start":{"line":29,"column":36},"end":{"line":43,"column":3}},"line":29},"5":{"name":"(anonymous_5)","decl":{"start":{"line":45,"column":20},"end":{"line":45,"column":21}},"loc":{"start":{"line":45,"column":26},"end":{"line":51,"column":3}},"line":45},"6":{"name":"(anonymous_6)","decl":{"start":{"line":53,"column":23},"end":{"line":53,"column":24}},"loc":{"start":{"line":53,"column":29},"end":{"line":56,"column":3}},"line":53}},"branchMap":{"0":{"loc":{"start":{"line":12,"column":4},"end":{"line":18,"column":5}},"type":"if","locations":[{"start":{"line":12,"column":4},"end":{"line":18,"column":5}},{"start":{},"end":{}}],"line":12},"1":{"loc":{"start":{"line":32,"column":4},"end":{"line":42,"column":5}},"type":"if","locations":[{"start":{"line":32,"column":4},"end":{"line":42,"column":5}},{"start":{"line":37,"column":11},"end":{"line":42,"column":5}}],"line":32},"2":{"loc":{"start":{"line":34,"column":6},"end":{"line":36,"column":7}},"type":"if","locations":[{"start":{"line":34,"column":6},"end":{"line":36,"column":7}},{"start":{},"end":{}}],"line":34},"3":{"loc":{"start":{"line":39,"column":6},"end":{"line":41,"column":7}},"type":"if","locations":[{"start":{"line":39,"column":6},"end":{"line":41,"column":7}},{"start":{},"end":{}}],"line":39},"4":{"loc":{"start":{"line":60,"column":11},"end":{"line":60,"column":74}},"type":"cond-expr","locations":[{"start":{"line":60,"column":28},"end":{"line":60,"column":52}},{"start":{"line":60,"column":55},"end":{"line":60,"column":74}}],"line":60},"5":{"loc":{"start":{"line":75,"column":9},"end":{"line":108,"column":9}},"type":"binary-expr","locations":[{"start":{"line":75,"column":9},"end":{"line":75,"column":24}},{"start":{"line":76,"column":10},"end":{"line":107,"column":13}}],"line":75},"6":{"loc":{"start":{"line":110,"column":9},"end":{"line":122,"column":9}},"type":"binary-expr","locations":[{"start":{"line":110,"column":9},"end":{"line":110,"column":23}},{"start":{"line":111,"column":10},"end":{"line":121,"column":16}}],"line":110},"7":{"loc":{"start":{"line":126,"column":13},"end":{"line":126,"column":64}},"type":"cond-expr","locations":[{"start":{"line":126,"column":30},"end":{"line":126,"column":46}},{"start":{"line":126,"column":49},"end":{"line":126,"column":64}}],"line":126},"8":{"loc":{"start":{"line":128,"column":11},"end":{"line":132,"column":11}},"type":"binary-expr","locations":[{"start":{"line":128,"column":11},"end":{"line":128,"column":25}},{"start":{"line":129,"column":12},"end":{"line":131,"column":21}}],"line":128}},"s":{"0":0,"1":0,"2":0,"3":0,"4":0,"5":0,"6":0,"7":0,"8":0,"9":0,"10":0,"11":0,"12":0,"13":0,"14":0,"15":0,"16":0,"17":0,"18":0,"19":0,"20":0,"21":0,"22":0},"f":{"0":0,"1":0,"2":0,"3":0,"4":0,"5":0,"6":0},"b":{"0":[0,0],"1":[0,0],"2":[0,0],"3":[0,0],"4":[0,0],"5":[0,0],"6":[0,0],"7":[0,0],"8":[0,0]}}
,"C:\\Users\\S. Abisekalathan\\vehiclemanagementfrontend\\src\\components\\VehicleList.js": {"path":"C:\\Users\\S. Abisekalathan\\vehiclemanagementfrontend\\src\\components\\VehicleList.js","statementMap":{"0":{"start":{"line":7,"column":35},"end":{"line":18,"column":3}},"1":{"start":{"line":8,"column":21},"end":{"line":8,"column":64}},"2":{"start":{"line":10,"column":4},"end":{"line":10,"column":26}},"3":{"start":{"line":10,"column":19},"end":{"line":10,"column":26}},"4":{"start":{"line":12,"column":4},"end":{"line":15,"column":5}},"5":{"start":{"line":13,"column":6},"end":{"line":13,"column":35}},"6":{"start":{"line":14,"column":6},"end":{"line":14,"column":13}},"7":{"start":{"line":17,"column":4},"end":{"line":17,"column":17}},"8":{"start":{"line":20,"column":2},"end":{"line":27,"column":3}},"9":{"start":{"line":21,"column":4},"end":{"line":26,"column":6}},"10":{"start":{"line":29,"column":2},"end":{"line":84,"column":4}},"11":{"start":{"line":41,"column":12},"end":{"line":79,"column":18}},"12":{"start":{"line":62,"column":33},"end":{"line":62,"column":48}},"13":{"start":{"line":70,"column":33},"end":{"line":70,"column":69}}},"fnMap":{"0":{"name":"VehicleList","decl":{"start":{"line":4,"column":9},"end":{"line":4,"column":20}},"loc":{"start":{"line":4,"column":62},"end":{"line":85,"column":1}},"line":4},"1":{"name":"(anonymous_1)","decl":{"start":{"line":7,"column":35},"end":{"line":7,"column":36}},"loc":{"start":{"line":7,"column":43},"end":{"line":18,"column":3}},"line":7},"2":{"name":"(anonymous_2)","decl":{"start":{"line":40,"column":24},"end":{"line":40,"column":25}},"loc":{"start":{"line":41,"column":12},"end":{"line":79,"column":18}},"line":41},"3":{"name":"(anonymous_3)","decl":{"start":{"line":62,"column":27},"end":{"line":62,"column":28}},"loc":{"start":{"line":62,"column":33},"end":{"line":62,"column":48}},"line":62},"4":{"name":"(anonymous_4)","decl":{"start":{"line":70,"column":27},"end":{"line":70,"column":28}},"loc":{"start":{"line":70,"column":33},"end":{"line":70,"column":69}},"line":70}},"branchMap":{"0":{"loc":{"start":{"line":10,"column":4},"end":{"line":10,"column":26}},"type":"if","locations":[{"start":{"line":10,"column":4},"end":{"line":10,"column":26}},{"start":{},"end":{}}],"line":10},"1":{"loc":{"start":{"line":12,"column":4},"end":{"line":15,"column":5}},"type":"if","locations":[{"start":{"line":12,"column":4},"end":{"line":15,"column":5}},{"start":{},"end":{}}],"line":12},"2":{"loc":{"start":{"line":20,"column":2},"end":{"line":27,"column":3}},"type":"if","locations":[{"start":{"line":20,"column":2},"end":{"line":27,"column":3}},{"start":{},"end":{}}],"line":20},"3":{"loc":{"start":{"line":33,"column":7},"end":{"line":82,"column":7}},"type":"cond-expr","locations":[{"start":{"line":34,"column":8},"end":{"line":37,"column":14}},{"start":{"line":39,"column":8},"end":{"line":81,"column":14}}],"line":33}},"s":{"0":6,"1":2,"2":2,"3":0,"4":2,"5":1,"6":1,"7":1,"8":6,"9":1,"10":5,"11":4,"12":0,"13":2},"f":{"0":6,"1":2,"2":4,"3":0,"4":2},"b":{"0":[0,2],"1":[1,1],"2":[1,5],"3":[1,4]},"_coverageSchema":"1a1c01bbd47fc00a2c39e90264f33305004495a9","hash":"c9c08347439d115d1e8d1594dec0ba4738950a2d"}
,"C:\\Users\\S. Abisekalathan\\vehiclemanagementfrontend\\src\\services\\vehicleService.js": {"path":"C:\\Users\\S. Abisekalathan\\vehiclemanagementfrontend\\src\\services\\vehicleService.js","statementMap":{"0":{"start":{"line":3,"column":21},"end":{"line":3,"column":120}},"1":{"start":{"line":5,"column":23},"end":{"line":49,"column":1}},"2":{"start":{"line":7,"column":4},"end":{"line":12,"column":5}},"3":{"start":{"line":8,"column":23},"end":{"line":8,"column":52}},"4":{"start":{"line":9,"column":6},"end":{"line":9,"column":27}},"5":{"start":{"line":11,"column":6},"end":{"line":11,"column":18}},"6":{"start":{"line":16,"column":4},"end":{"line":21,"column":5}},"7":{"start":{"line":17,"column":23},"end":{"line":17,"column":63}},"8":{"start":{"line":18,"column":6},"end":{"line":18,"column":27}},"9":{"start":{"line":20,"column":6},"end":{"line":20,"column":18}},"10":{"start":{"line":25,"column":4},"end":{"line":30,"column":5}},"11":{"start":{"line":26,"column":23},"end":{"line":26,"column":66}},"12":{"start":{"line":27,"column":6},"end":{"line":27,"column":27}},"13":{"start":{"line":29,"column":6},"end":{"line":29,"column":18}},"14":{"start":{"line":34,"column":4},"end":{"line":39,"column":5}},"15":{"start":{"line":35,"column":23},"end":{"line":35,"column":73}},"16":{"start":{"line":36,"column":6},"end":{"line":36,"column":27}},"17":{"start":{"line":38,"column":6},"end":{"line":38,"column":18}},"18":{"start":{"line":43,"column":4},"end":{"line":47,"column":5}},"19":{"start":{"line":44,"column":6},"end":{"line":44,"column":50}},"20":{"start":{"line":46,"column":6},"end":{"line":46,"column":18}}},"fnMap":{"0":{"name":"(anonymous_0)","decl":{"start":{"line":6,"column":18},"end":{"line":6,"column":19}},"loc":{"start":{"line":6,"column":30},"end":{"line":13,"column":3}},"line":6},"1":{"name":"(anonymous_1)","decl":{"start":{"line":15,"column":18},"end":{"line":15,"column":19}},"loc":{"start":{"line":15,"column":32},"end":{"line":22,"column":3}},"line":15},"2":{"name":"(anonymous_2)","decl":{"start":{"line":24,"column":17},"end":{"line":24,"column":18}},"loc":{"start":{"line":24,"column":40},"end":{"line":31,"column":3}},"line":24},"3":{"name":"(anonymous_3)","decl":{"start":{"line":33,"column":21},"end":{"line":33,"column":22}},"loc":{"start":{"line":33,"column":41},"end":{"line":40,"column":3}},"line":33},"4":{"name":"(anonymous_4)","decl":{"start":{"line":42,"column":17},"end":{"line":42,"column":18}},"loc":{"start":{"line":42,"column":31},"end":{"line":48,"column":3}},"line":42}},"branchMap":{},"s":{"0":0,"1":0,"2":0,"3":0,"4":0,"5":0,"6":0,"7":0,"8":0,"9":0,"10":0,"11":0,"12":0,"13":0,"14":0,"15":0,"16":0,"17":0,"18":0,"19":0,"20":0},"f":{"0":0,"1":0,"2":0,"3":0,"4":0},"b":{}}
}
