TN:
SF:src\components\VehicleList.js
FN:4,VehicleList
FN:7,(anonymous_1)
FN:40,(anonymous_2)
FN:62,(anonymous_3)
FN:70,(anonymous_4)
FNF:5
FNH:4
FNDA:6,VehicleList
FNDA:2,(anonymous_1)
FNDA:4,(anonymous_2)
FNDA:0,(anonymous_3)
FNDA:2,(anonymous_4)
DA:7,6
DA:8,2
DA:10,2
DA:12,2
DA:13,1
DA:14,1
DA:17,1
DA:20,6
DA:21,1
DA:29,5
DA:41,4
DA:62,0
DA:70,2
LF:13
LH:12
BRDA:10,0,0,0
BRDA:10,0,1,2
BRDA:12,1,0,1
BRDA:12,1,1,1
BRDA:20,2,0,1
BRDA:20,2,1,5
BRDA:33,3,0,1
BRDA:33,3,1,4
BRF:8
BRH:7
end_of_record
